<?xml version="1.0" encoding="UTF-8"?>
<!-- Generated by org.testng.reporters.JUnitReportReporter -->
<testsuite hostname="DESKTOP-IS9C688" failures="0" tests="2" name="rahulShettyBasic.SubsequentCall" time="2.431" errors="0" timestamp="2022-08-22T11:44:42 IST" skipped="0">
  <testcase classname="rahulShettyBasic.SubsequentCall" name="addaLogin" time="1.956"/>
  <system-out/>
  <testcase classname="rahulShettyBasic.SubsequentCall" name="getTestSeries" time="0.475"/>
  <system-out/>
</testsuite> <!-- rahulShettyBasic.SubsequentCall -->
