<?xml version="1.0" encoding="UTF-8"?>
<!-- Generated by org.testng.reporters.JUnitReportReporter -->
<testsuite hostname="DESKTOP-IS9C688" failures="0" tests="1" name="basicTestAPI.TC006PostAuthAddaSignIn" time="2.357" errors="0" timestamp="2022-08-07T00:30:30 IST" skipped="0">
  <testcase classname="basicTestAPI.TC006PostAuthAddaSignIn" name="verifyGetAPI" time="2.357"/>
  <system-out/>
</testsuite> <!-- basicTestAPI.TC006PostAuthAddaSignIn -->
