<?xml version="1.0" encoding="UTF-8"?>
<!-- Generated by org.testng.reporters.JUnitReportReporter -->
<testsuite hostname="DESKTOP-IS9C688" failures="0" tests="1" name="basicTestAPI.TC001GetAPI" time="1.250" errors="0" timestamp="2022-08-06T18:45:56 IST" skipped="0">
  <testcase classname="basicTestAPI.TC001GetAPI" name="verifyGetAPI" time="1.250"/>
  <system-out/>
</testsuite> <!-- basicTestAPI.TC001GetAPI -->
