<?xml version="1.0" encoding="UTF-8"?>
<!-- Generated by org.testng.reporters.JUnitReportReporter -->
<testsuite hostname="DESKTOP-IS9C688" failures="0" tests="1" name="basicTestAPI.TC003ValidateReceiverHeader" time="1.431" errors="0" timestamp="2022-08-06T22:15:03 IST" skipped="0">
  <testcase classname="basicTestAPI.TC003ValidateReceiverHeader" name="verifyGetAPI" time="1.431"/>
  <system-out/>
</testsuite> <!-- basicTestAPI.TC003ValidateReceiverHeader -->
