<?xml version="1.0" encoding="UTF-8"?>
<!-- Generated by org.testng.reporters.JUnitReportReporter -->
<testsuite hostname="DESKTOP-IS9C688" failures="0" tests="1" name="pojoRahulShetty.ReqSpecBuilder" time="1.543" errors="0" timestamp="2022-08-27T17:45:18 IST" skipped="0">
  <testcase classname="pojoRahulShetty.ReqSpecBuilder" name="testPostAPI" time="1.543"/>
  <system-out/>
</testsuite> <!-- pojoRahulShetty.ReqSpecBuilder -->
