<?xml version="1.0" encoding="UTF-8"?>
<!-- Generated by org.testng.reporters.JUnitReportReporter -->
<testsuite hostname="DESKTOP-IS9C688" failures="0" tests="1" name="rahulShettyBasic.PayloadReadFromExternalFile" time="1.623" errors="0" timestamp="2022-08-21T22:58:39 IST" skipped="0">
  <testcase classname="rahulShettyBasic.PayloadReadFromExternalFile" name="addaLogin" time="1.623"/>
  <system-out/>
</testsuite> <!-- rahulShettyBasic.PayloadReadFromExternalFile -->
