<?xml version="1.0" encoding="UTF-8"?>
<!-- Generated by org.testng.reporters.JUnitReportReporter -->
<testsuite hostname="DESKTOP-IS9C688" failures="0" tests="1" name="pojoRahulShetty.PostAPIUsingPojoClass" time="1.655" errors="0" timestamp="2022-08-27T16:05:21 IST" skipped="0">
  <testcase classname="pojoRahulShetty.PostAPIUsingPojoClass" name="testPostAPI" time="1.655"/>
  <system-out/>
</testsuite> <!-- pojoRahulShetty.PostAPIUsingPojoClass -->
