<?xml version="1.0" encoding="UTF-8"?>
<!-- Generated by org.testng.reporters.JUnitReportReporter -->
<testsuite hostname="DESKTOP-IS9C688" failures="0" tests="1" name="basicTestAPI.TC005ValidateNestedJsonBody" time="1.830" errors="0" timestamp="2022-08-06T23:15:43 IST" skipped="0">
  <testcase classname="basicTestAPI.TC005ValidateNestedJsonBody" name="verifyGetAPI" time="1.830"/>
  <system-out/>
</testsuite> <!-- basicTestAPI.TC005ValidateNestedJsonBody -->
