<?xml version="1.0" encoding="UTF-8"?>
<!-- Generated by org.testng.reporters.JUnitReportReporter -->
<testsuite hostname="DESKTOP-IS9C688" failures="0" tests="1" name="basicTestAPI.TC002PostAPI" time="1.781" errors="0" timestamp="2022-08-06T22:02:08 IST" skipped="0">
  <testcase classname="basicTestAPI.TC002PostAPI" name="verifyGetAPI" time="1.781"/>
  <system-out/>
</testsuite> <!-- basicTestAPI.TC002PostAPI -->
